<?xml version="1.0" encoding="UTF-8"?>
<!-- Generated by org.testng.reporters.JUnitReportReporter -->
<testsuite hostname="CPX-01PTR7VXS1V" failures="0" tests="5" name="TestCase.TestCases" time="110.764" errors="0" timestamp="2022-04-25T17:37:58 CEST" skipped="0">
  <testcase classname="TestCase.TestCases" name="invalidLogin" time="12.688"/>
  <system-out/>
  <testcase classname="TestCase.TestCases" name="validLogin" time="14.747"/>
  <system-out/>
  <testcase classname="TestCase.TestCases" name="searchVerification" time="19.950"/>
  <system-out/>
  <testcase classname="TestCase.TestCases" name="buyLater" time="29.947"/>
  <system-out/>
  <testcase classname="TestCase.TestCases" name="priceVerification" time="33.432"/>
  <system-out/>
</testsuite> <!-- TestCase.TestCases -->
