<?xml version="1.0" encoding="UTF-8"?>
<!-- Generated by org.testng.reporters.JUnitReportReporter -->
<testsuite hostname="CPX-01PTR7VXS1V" failures="0" tests="5" name="TestCase.TestCases" time="116.144" errors="0" timestamp="2022-04-25T20:03:03 CEST" skipped="0">
  <testcase classname="TestCase.TestCases" name="invalidLogin" time="12.968"/>
  <system-out/>
  <testcase classname="TestCase.TestCases" name="validLogin" time="15.626"/>
  <system-out/>
  <testcase classname="TestCase.TestCases" name="searchVerification" time="26.386"/>
  <system-out/>
  <testcase classname="TestCase.TestCases" name="buyLater" time="28.046"/>
  <system-out/>
  <testcase classname="TestCase.TestCases" name="priceVerification" time="33.118"/>
  <system-out/>
</testsuite> <!-- TestCase.TestCases -->
